#
# There is insufficient memory for the Java Runtime Environment to continue.
# Native memory allocation (malloc) failed to allocate 933216 bytes for Chunk::new
# Possible reasons:
#   The system is out of physical RAM or swap space
#   The process is running with CompressedOops enabled, and the Java Heap may be blocking the growth of the native heap
# Possible solutions:
#   Reduce memory load on the system
#   Increase physical memory or swap space
#   Check if swap backing store is full
#   Decrease Java heap size (-Xmx/-Xms)
#   Decrease number of Java threads
#   Decrease Java thread stack sizes (-Xss)
#   Set larger code cache with -XX:ReservedCodeCacheSize=
#   JVM is running with Zero Based Compressed Oops mode in which the Java heap is
#     placed in the first 32GB address space. The Java Heap base address is the
#     maximum limit for the native heap growth. Please use -XX:HeapBaseMinAddress
#     to set the Java Heap base and to place the Java Heap above 32GB virtual address.
# This output file may be truncated or incomplete.
#
#  Out of Memory Error (allocation.cpp:389), pid=19612, tid=0x0000000000003e34
#
# JRE version: OpenJDK Runtime Environment (8.0_242-b08) (build 1.8.0_242-b08)
# Java VM: OpenJDK 64-Bit Server VM (25.242-b08 mixed mode windows-amd64 compressed oops)
# Failed to write core dump. Minidumps are not enabled by default on client versions of Windows
#

---------------  T H R E A D  ---------------

Current thread (0x0000017b5e3d9800):  JavaThread "C2 CompilerThread1" daemon [_thread_in_native, id=15924, stack(0x0000004cf1d00000,0x0000004cf1e00000)]

Stack: [0x0000004cf1d00000,0x0000004cf1e00000]
[error occurred during error reporting (printing stack bounds), id 0xc0000005]

Native frames: (J=compiled Java code, j=interpreted, Vv=VM code, C=native code)


Current CompileTask:
C2:   6091 3560       4       org.springframework.boot.context.properties.source.SpringConfigurationPropertySources$SourcesIterator::fetchNext (138 bytes)


---------------  P R O C E S S  ---------------

Java Threads: ( => current thread )
  0x0000017b621fe000 JavaThread "HikariPool-1 connection adder" daemon [_thread_in_native, id=13660, stack(0x0000004cf2700000,0x0000004cf2800000)]
  0x0000017b5f211000 JavaThread "HikariPool-1 housekeeper" daemon [_thread_blocked, id=12176, stack(0x0000004cf2600000,0x0000004cf2700000)]
  0x0000017b62c7b800 JavaThread "mysql-cj-abandoned-connection-cleanup" daemon [_thread_blocked, id=12092, stack(0x0000004cf2400000,0x0000004cf2500000)]
  0x0000017b62ec7000 JavaThread "container-0" [_thread_blocked, id=23776, stack(0x0000004cf2300000,0x0000004cf2400000)]
  0x0000017b62d14800 JavaThread "Catalina-utility-2" [_thread_blocked, id=13820, stack(0x0000004cf2200000,0x0000004cf2300000)]
  0x0000017b61ad9000 JavaThread "Catalina-utility-1" [_thread_blocked, id=20616, stack(0x0000004cf2100000,0x0000004cf2200000)]
  0x0000017b5e450800 JavaThread "Service Thread" daemon [_thread_blocked, id=12556, stack(0x0000004cf1f00000,0x0000004cf2000000)]
  0x0000017b5e3f0000 JavaThread "C1 CompilerThread2" daemon [_thread_in_native, id=22220, stack(0x0000004cf1e00000,0x0000004cf1f00000)]
=>0x0000017b5e3d9800 JavaThread "C2 CompilerThread1" daemon [_thread_in_native, id=15924, stack(0x0000004cf1d00000,0x0000004cf1e00000)]
  0x0000017b5e3d3000 JavaThread "C2 CompilerThread0" daemon [_thread_blocked, id=9604, stack(0x0000004cf1c00000,0x0000004cf1d00000)]
  0x0000017b5e3ce000 JavaThread "Attach Listener" daemon [_thread_blocked, id=23616, stack(0x0000004cf1b00000,0x0000004cf1c00000)]
  0x0000017b5e360000 JavaThread "Signal Dispatcher" daemon [_thread_blocked, id=27448, stack(0x0000004cf1a00000,0x0000004cf1b00000)]
  0x0000017b5e344800 JavaThread "Finalizer" daemon [_thread_blocked, id=1812, stack(0x0000004cf1900000,0x0000004cf1a00000)]
  0x0000017b5e33a800 JavaThread "Reference Handler" daemon [_thread_blocked, id=9372, stack(0x0000004cf1800000,0x0000004cf1900000)]
  0x0000017b440eb000 JavaThread "main" [_thread_in_vm, id=25184, stack(0x0000004cf1200000,0x0000004cf1300000)]

Other Threads:
  0x0000017b5e312000 VMThread [stack: 0x0000004cf1700000,0x0000004cf1800000] [id=14664]
  0x0000017b5e45c000 WatcherThread [stack: 0x0000004cf2000000,0x0000004cf2100000] [id=1496]

VM state:not at safepoint (normal execution)

VM Mutex/Monitor currently owned by a thread: None

heap address: 0x00000006e0c00000, size: 3572 MB, Compressed Oops mode: Zero based, Oop shift amount: 3
Narrow klass base: 0x0000000000000000, Narrow klass shift: 3
Compressed class space size: 1073741824 Address: 0x00000007c0000000

Heap:
 PSYoungGen      total 151552K, used 26526K [0x0000000775980000, 0x0000000781980000, 0x00000007c0000000)
  eden space 137728K, 19% used [0x0000000775980000,0x0000000777367a40,0x000000077e000000)
  from space 13824K, 0% used [0x000000077ef00000,0x000000077ef00000,0x000000077fc80000)
  to   space 15360K, 0% used [0x000000077e000000,0x000000077e000000,0x000000077ef00000)
 ParOldGen       total 145408K, used 16761K [0x00000006e0c00000, 0x00000006e9a00000, 0x0000000775980000)
  object space 145408K, 11% used [0x00000006e0c00000,0x00000006e1c5e578,0x00000006e9a00000)
 Metaspace       used 36048K, capacity 38044K, committed 38184K, reserved 1083392K
  class space    used 4505K, capacity 4880K, committed 4904K, reserved 1048576K

Card table byte_map: [0x0000017b55070000,0x0000017b55770000] byte_map_base: 0x0000017b5196a000

Marking Bits: (ParMarkBitMap*) 0x0000000054388030
 Begin Bits: [0x0000017b55c20000, 0x0000017b593f0000)
 End Bits:   [0x0000017b593f0000, 0x0000017b5cbc0000)

Polling page: 0x0000017b45c80000

CodeCache: size=245760Kb used=13616Kb max_used=13624Kb free=232143Kb
 bounds [0x0000017b45cb0000, 0x0000017b46a10000, 0x0000017b54cb0000]
 total_blobs=4049 nmethods=3606 adapters=357
 compilation: enabled

Compilation events (10 events):
Event: 6.075 Thread 0x0000017b5e3f0000 nmethod 3656 0x0000017b469fa090 code [0x0000017b469fa1e0, 0x0000017b469fa2f8]
Event: 6.081 Thread 0x0000017b5e3f0000 3658   !   3       java.net.AbstractPlainSocketImpl::isConnectionReset (31 bytes)
Event: 6.081 Thread 0x0000017b5e3f0000 nmethod 3658 0x0000017b469f9b10 code [0x0000017b469f9c80, 0x0000017b469f9fd8]
Event: 6.084 Thread 0x0000017b5e3d3000 3659       4       sun.net.www.protocol.file.Handler::parseURL (18 bytes)
Event: 6.086 Thread 0x0000017b5e3f0000 3660       3       com.mysql.cj.protocol.a.MultiPacketReader::readHeader (5 bytes)
Event: 6.086 Thread 0x0000017b5e3f0000 nmethod 3660 0x0000017b469f9510 code [0x0000017b469f9680, 0x0000017b469f99f0]
Event: 6.086 Thread 0x0000017b5e3f0000 3661       3       com.mysql.cj.protocol.a.MultiPacketReader::readHeader (13 bytes)
Event: 6.086 Thread 0x0000017b5e3f0000 nmethod 3661 0x0000017b469f8f90 code [0x0000017b469f9100, 0x0000017b469f9410]
Event: 6.086 Thread 0x0000017b5e3f0000 3662       3       com.mysql.cj.protocol.a.TimeTrackingPacketReader::readMessage (24 bytes)
Event: 6.086 Thread 0x0000017b5e3f0000 nmethod 3662 0x0000017b46a03590 code [0x0000017b46a03700, 0x0000017b46a03a50]

GC Heap History (10 events):
Event: 2.377 GC heap before
{Heap before GC invocations=4 (full 1):
 PSYoungGen      total 67072K, used 7639K [0x0000000775980000, 0x000000077dc80000, 0x00000007c0000000)
  eden space 57856K, 0% used [0x0000000775980000,0x0000000775980000,0x0000000779200000)
  from space 9216K, 82% used [0x0000000779200000,0x0000000779975ef8,0x0000000779b00000)
  to   space 9216K, 0% used [0x000000077d380000,0x000000077d380000,0x000000077dc80000)
 ParOldGen       total 153088K, used 1330K [0x00000006e0c00000, 0x00000006ea180000, 0x0000000775980000)
  object space 153088K, 0% used [0x00000006e0c00000,0x00000006e0d4cbc8,0x00000006ea180000)
 Metaspace       used 20328K, capacity 21200K, committed 21296K, reserved 1069056K
  class space    used 2479K, capacity 2676K, committed 2688K, reserved 1048576K
Event: 2.398 GC heap after
Heap after GC invocations=4 (full 1):
 PSYoungGen      total 67072K, used 0K [0x0000000775980000, 0x000000077dc80000, 0x00000007c0000000)
  eden space 57856K, 0% used [0x0000000775980000,0x0000000775980000,0x0000000779200000)
  from space 9216K, 0% used [0x0000000779200000,0x0000000779200000,0x0000000779b00000)
  to   space 9216K, 0% used [0x000000077d380000,0x000000077d380000,0x000000077dc80000)
 ParOldGen       total 92160K, used 7465K [0x00000006e0c00000, 0x00000006e6600000, 0x0000000775980000)
  object space 92160K, 8% used [0x00000006e0c00000,0x00000006e134a610,0x00000006e6600000)
 Metaspace       used 20328K, capacity 21200K, committed 21296K, reserved 1069056K
  class space    used 2479K, capacity 2676K, committed 2688K, reserved 1048576K
}
Event: 2.579 GC heap before
{Heap before GC invocations=5 (full 1):
 PSYoungGen      total 67072K, used 57856K [0x0000000775980000, 0x000000077dc80000, 0x00000007c0000000)
  eden space 57856K, 100% used [0x0000000775980000,0x0000000779200000,0x0000000779200000)
  from space 9216K, 0% used [0x0000000779200000,0x0000000779200000,0x0000000779b00000)
  to   space 9216K, 0% used [0x000000077d380000,0x000000077d380000,0x000000077dc80000)
 ParOldGen       total 92160K, used 7465K [0x00000006e0c00000, 0x00000006e6600000, 0x0000000775980000)
  object space 92160K, 8% used [0x00000006e0c00000,0x00000006e134a610,0x00000006e6600000)
 Metaspace       used 21089K, capacity 22050K, committed 22192K, reserved 1069056K
  class space    used 2559K, capacity 2779K, committed 2816K, reserved 1048576K
Event: 2.581 GC heap after
Heap after GC invocations=5 (full 1):
 PSYoungGen      total 93184K, used 2584K [0x0000000775980000, 0x000000077d680000, 0x00000007c0000000)
  eden space 90112K, 0% used [0x0000000775980000,0x0000000775980000,0x000000077b180000)
  from space 3072K, 84% used [0x000000077d380000,0x000000077d6063f8,0x000000077d680000)
  to   space 9216K, 0% used [0x000000077c480000,0x000000077c480000,0x000000077cd80000)
 ParOldGen       total 92160K, used 7473K [0x00000006e0c00000, 0x00000006e6600000, 0x0000000775980000)
  object space 92160K, 8% used [0x00000006e0c00000,0x00000006e134c610,0x00000006e6600000)
 Metaspace       used 21089K, capacity 22050K, committed 22192K, reserved 1069056K
  class space    used 2559K, capacity 2779K, committed 2816K, reserved 1048576K
}
Event: 3.667 GC heap before
{Heap before GC invocations=6 (full 1):
 PSYoungGen      total 93184K, used 92696K [0x0000000775980000, 0x000000077d680000, 0x00000007c0000000)
  eden space 90112K, 100% used [0x0000000775980000,0x000000077b180000,0x000000077b180000)
  from space 3072K, 84% used [0x000000077d380000,0x000000077d6063f8,0x000000077d680000)
  to   space 9216K, 0% used [0x000000077c480000,0x000000077c480000,0x000000077cd80000)
 ParOldGen       total 92160K, used 7473K [0x00000006e0c00000, 0x00000006e6600000, 0x0000000775980000)
  object space 92160K, 8% used [0x00000006e0c00000,0x00000006e134c610,0x00000006e6600000)
 Metaspace       used 26621K, capacity 28064K, committed 28288K, reserved 1073152K
  class space    used 3334K, capacity 3624K, committed 3712K, reserved 1048576K
Event: 3.677 GC heap after
Heap after GC invocations=6 (full 1):
 PSYoungGen      total 118784K, used 9191K [0x0000000775980000, 0x000000077fc80000, 0x00000007c0000000)
  eden space 109568K, 0% used [0x0000000775980000,0x0000000775980000,0x000000077c480000)
  from space 9216K, 99% used [0x000000077c480000,0x000000077cd79ee8,0x000000077cd80000)
  to   space 13824K, 0% used [0x000000077ef00000,0x000000077ef00000,0x000000077fc80000)
 ParOldGen       total 92160K, used 8838K [0x00000006e0c00000, 0x00000006e6600000, 0x0000000775980000)
  object space 92160K, 9% used [0x00000006e0c00000,0x00000006e14a1a18,0x00000006e6600000)
 Metaspace       used 26621K, capacity 28064K, committed 28288K, reserved 1073152K
  class space    used 3334K, capacity 3624K, committed 3712K, reserved 1048576K
}
Event: 5.654 GC heap before
{Heap before GC invocations=7 (full 1):
 PSYoungGen      total 118784K, used 115301K [0x0000000775980000, 0x000000077fc80000, 0x00000007c0000000)
  eden space 109568K, 96% used [0x0000000775980000,0x000000077c11f6b8,0x000000077c480000)
  from space 9216K, 99% used [0x000000077c480000,0x000000077cd79ee8,0x000000077cd80000)
  to   space 13824K, 0% used [0x000000077ef00000,0x000000077ef00000,0x000000077fc80000)
 ParOldGen       total 92160K, used 8838K [0x00000006e0c00000, 0x00000006e6600000, 0x0000000775980000)
  object space 92160K, 9% used [0x00000006e0c00000,0x00000006e14a1a18,0x00000006e6600000)
 Metaspace       used 33428K, capacity 35438K, committed 35496K, reserved 1081344K
  class space    used 4160K, capacity 4507K, committed 4520K, reserved 1048576K
Event: 5.665 GC heap after
Heap after GC invocations=7 (full 1):
 PSYoungGen      total 151552K, used 12323K [0x0000000775980000, 0x0000000781980000, 0x00000007c0000000)
  eden space 137728K, 0% used [0x0000000775980000,0x0000000775980000,0x000000077e000000)
  from space 13824K, 89% used [0x000000077ef00000,0x000000077fb08cd0,0x000000077fc80000)
  to   space 15360K, 0% used [0x000000077e000000,0x000000077e000000,0x000000077ef00000)
 ParOldGen       total 92160K, used 8846K [0x00000006e0c00000, 0x00000006e6600000, 0x0000000775980000)
  object space 92160K, 9% used [0x00000006e0c00000,0x00000006e14a3a18,0x00000006e6600000)
 Metaspace       used 33428K, capacity 35438K, committed 35496K, reserved 1081344K
  class space    used 4160K, capacity 4507K, committed 4520K, reserved 1048576K
}
Event: 5.665 GC heap before
{Heap before GC invocations=8 (full 2):
 PSYoungGen      total 151552K, used 12323K [0x0000000775980000, 0x0000000781980000, 0x00000007c0000000)
  eden space 137728K, 0% used [0x0000000775980000,0x0000000775980000,0x000000077e000000)
  from space 13824K, 89% used [0x000000077ef00000,0x000000077fb08cd0,0x000000077fc80000)
  to   space 15360K, 0% used [0x000000077e000000,0x000000077e000000,0x000000077ef00000)
 ParOldGen       total 92160K, used 8846K [0x00000006e0c00000, 0x00000006e6600000, 0x0000000775980000)
  object space 92160K, 9% used [0x00000006e0c00000,0x00000006e14a3a18,0x00000006e6600000)
 Metaspace       used 33428K, capacity 35438K, committed 35496K, reserved 1081344K
  class space    used 4160K, capacity 4507K, committed 4520K, reserved 1048576K
Event: 5.704 GC heap after
Heap after GC invocations=8 (full 2):
 PSYoungGen      total 151552K, used 0K [0x0000000775980000, 0x0000000781980000, 0x00000007c0000000)
  eden space 137728K, 0% used [0x0000000775980000,0x0000000775980000,0x000000077e000000)
  from space 13824K, 0% used [0x000000077ef00000,0x000000077ef00000,0x000000077fc80000)
  to   space 15360K, 0% used [0x000000077e000000,0x000000077e000000,0x000000077ef00000)
 ParOldGen       total 145408K, used 16761K [0x00000006e0c00000, 0x00000006e9a00000, 0x0000000775980000)
  object space 145408K, 11% used [0x00000006e0c00000,0x00000006e1c5e578,0x00000006e9a00000)
 Metaspace       used 33428K, capacity 35438K, committed 35496K, reserved 1081344K
  class space    used 4160K, capacity 4507K, committed 4520K, reserved 1048576K
}

Deoptimization events (10 events):
Event: 5.319 Thread 0x0000017b62c7b800 Uncommon trap: reason=unstable_if action=reinterpret pc=0x0000017b45e8f0bc method=java.util.zip.ZipCoder.getBytes(Ljava/lang/String;)[B @ 32
Event: 5.319 Thread 0x0000017b62c7b800 Uncommon trap: reason=unstable_if action=reinterpret pc=0x0000017b45e76df8 method=java.util.zip.ZipCoder.getBytes(Ljava/lang/String;)[B @ 32
Event: 5.319 Thread 0x0000017b62c7b800 Uncommon trap: reason=unstable_if action=reinterpret pc=0x0000017b468a996c method=java.net.URLStreamHandler.parseURL(Ljava/net/URL;Ljava/lang/String;II)V @ 57
Event: 5.370 Thread 0x0000017b440eb000 Uncommon trap: reason=unstable_if action=reinterpret pc=0x0000017b46309ba0 method=java.util.regex.Pattern$CharProperty.match(Ljava/util/regex/Matcher;ILjava/lang/CharSequence;)Z @ 21
Event: 5.412 Thread 0x0000017b440eb000 Uncommon trap: reason=unstable_if action=reinterpret pc=0x0000017b468b0948 method=java.net.URI.match(CJJ)Z @ 19
Event: 5.422 Thread 0x0000017b440eb000 Uncommon trap: reason=unstable_if action=reinterpret pc=0x0000017b4686d654 method=java.util.Properties.load0(Ljava/util/Properties$LineReader;)V @ 161
Event: 5.424 Thread 0x0000017b440eb000 Uncommon trap: reason=unstable_if action=reinterpret pc=0x0000017b468423ec method=java.util.Properties$LineReader.readLine()I @ 271
Event: 5.862 Thread 0x0000017b440eb000 Uncommon trap: reason=unstable_if action=reinterpret pc=0x0000017b46103024 method=org.springframework.boot.context.properties.source.ConfigurationPropertyName.getElement(ILorg/springframework/boot/context/properties/source/ConfigurationPropertyName$Form;)
Event: 5.992 Thread 0x0000017b440eb000 Uncommon trap: reason=class_check action=maybe_recompile pc=0x0000017b45e17d24 method=java.util.TreeMap.getEntry(Ljava/lang/Object;)Ljava/util/TreeMap$Entry; @ 26
Event: 6.005 Thread 0x0000017b440eb000 Uncommon trap: reason=unstable_if action=reinterpret pc=0x0000017b467d69a8 method=java.util.concurrent.ConcurrentHashMap.get(Ljava/lang/Object;)Ljava/lang/Object; @ 152

Classes redefined (0 events):
No events

Internal exceptions (10 events):
Event: 3.704 Thread 0x0000017b440eb000 Exception <a 'java/lang/ClassNotFoundException': org/springframework/context/annotation/ImportAwareCustomizer> (0x0000000775c53cc0) thrown at [C:\cygwin64\tmp\openjdk-jdk8u-windows-x64-hotspot\workspace\build\src\hotspot\src\share\vm\classfile\systemDicti
Event: 3.704 Thread 0x0000017b440eb000 Exception <a 'java/lang/ClassNotFoundException': org/springframework/beans/factory/AwareCustomizer> (0x0000000775c6bd70) thrown at [C:\cygwin64\tmp\openjdk-jdk8u-windows-x64-hotspot\workspace\build\src\hotspot\src\share\vm\classfile\systemDictionary.cpp, 
Event: 3.771 Thread 0x0000017b440eb000 Exception <a 'java/lang/NoSuchMethodError': java.lang.Object.lambda$map$1(Ljava/util/function/Function;)Ljava/util/stream/Stream;> (0x0000000775fd5078) thrown at [C:\cygwin64\tmp\openjdk-jdk8u-windows-x64-hotspot\workspace\build\src\hotspot\src\share\vm\i
Event: 3.916 Thread 0x0000017b440eb000 Implicit null exception at 0x0000017b466413ef to 0x0000017b46641559
Event: 3.947 Thread 0x0000017b440eb000 Exception <a 'java/lang/IncompatibleClassChangeError': Found class java.lang.Object, but interface was expected> (0x00000007765fa570) thrown at [C:\cygwin64\tmp\openjdk-jdk8u-windows-x64-hotspot\workspace\build\src\hotspot\src\share\vm\interpreter\linkRes
Event: 3.954 Thread 0x0000017b440eb000 Exception <a 'java/lang/NoSuchMethodError': java.lang.Object.lambda$and$0(Ljava/util/function/Predicate;Ljava/lang/Object;)Z> (0x000000077663d310) thrown at [C:\cygwin64\tmp\openjdk-jdk8u-windows-x64-hotspot\workspace\build\src\hotspot\src\share\vm\interp
Event: 4.916 Thread 0x0000017b440eb000 Exception <a 'java/io/FileNotFoundException'> (0x000000077a57db28) thrown at [C:\cygwin64\tmp\openjdk-jdk8u-windows-x64-hotspot\workspace\build\src\hotspot\src\share\vm\prims\jni.cpp, line 710]
Event: 5.117 Thread 0x0000017b440eb000 Exception <a 'java/io/FileNotFoundException'> (0x000000077ab71f18) thrown at [C:\cygwin64\tmp\openjdk-jdk8u-windows-x64-hotspot\workspace\build\src\hotspot\src\share\vm\prims\jni.cpp, line 710]
Event: 5.258 Thread 0x0000017b440eb000 Exception <a 'java/lang/NoSuchMethodError': java.lang.Object.lambda$static$0(Ljava/lang/Object;)Ljava/lang/Object;> (0x000000077b094b68) thrown at [C:\cygwin64\tmp\openjdk-jdk8u-windows-x64-hotspot\workspace\build\src\hotspot\src\share\vm\interpreter\link
Event: 5.288 Thread 0x0000017b440eb000 Implicit null exception at 0x0000017b45f43c16 to 0x0000017b45f43fa5

Events (10 events):
Event: 6.084 loading class org/hibernate/integrator/internal/IntegratorServiceImpl
Event: 6.084 loading class org/hibernate/integrator/internal/IntegratorServiceImpl done
Event: 6.084 loading class org/hibernate/integrator/spi/Integrator
Event: 6.084 loading class org/hibernate/integrator/spi/Integrator done
Event: 6.084 loading class org/hibernate/cfg/beanvalidation/BeanValidationIntegrator
Event: 6.084 loading class org/hibernate/cfg/beanvalidation/BeanValidationIntegrator done
Event: 6.086 loading class org/hibernate/cfg/beanvalidation/ActivationContext
Event: 6.086 loading class org/hibernate/cfg/beanvalidation/ActivationContext done
Event: 6.087 loading class org/hibernate/cfg/beanvalidation/IntegrationException
Event: 6.087 loading class org/hibernate/cfg/beanvalidation/IntegrationException done


Dynamic libraries:
0x00007ff69ea10000 - 0x00007ff69ea4a000 	C:\eGovFrame-3.9.0\bin\jdk8u242-b08\bin\javaw.exe
0x00007ff91f4d0000 - 0x00007ff91f6c6000 	C:\WINDOWS\SYSTEM32\ntdll.dll
0x00007ff91ef40000 - 0x00007ff91effd000 	C:\WINDOWS\System32\KERNEL32.DLL
0x00007ff91cd70000 - 0x00007ff91d039000 	C:\WINDOWS\System32\KERNELBASE.dll
0x00007ff91f380000 - 0x00007ff91f42c000 	C:\WINDOWS\System32\ADVAPI32.dll
0x00007ff91e390000 - 0x00007ff91e42e000 	C:\WINDOWS\System32\msvcrt.dll
0x00007ff91eea0000 - 0x00007ff91ef3c000 	C:\WINDOWS\System32\sechost.dll
0x00007ff91dd00000 - 0x00007ff91de2b000 	C:\WINDOWS\System32\RPCRT4.dll
0x00007ff91f0e0000 - 0x00007ff91f280000 	C:\WINDOWS\System32\USER32.dll
0x00007ff91d500000 - 0x00007ff91d522000 	C:\WINDOWS\System32\win32u.dll
0x00007ff91df50000 - 0x00007ff91df7a000 	C:\WINDOWS\System32\GDI32.dll
0x00007ff91d2f0000 - 0x00007ff91d3fb000 	C:\WINDOWS\System32\gdi32full.dll
0x00007ff91d460000 - 0x00007ff91d4fd000 	C:\WINDOWS\System32\msvcp_win.dll
0x00007ff91d040000 - 0x00007ff91d140000 	C:\WINDOWS\System32\ucrtbase.dll
0x00007ff905fb0000 - 0x00007ff90624b000 	C:\WINDOWS\WinSxS\amd64_microsoft.windows.common-controls_6595b64144ccf1df_6.0.19041.746_none_ca02b4b61b8320a4\COMCTL32.dll
0x00007ff91f350000 - 0x00007ff91f380000 	C:\WINDOWS\System32\IMM32.DLL
0x00007ff8f4990000 - 0x00007ff8f4a7f000 	C:\eGovFrame-3.9.0\bin\jdk8u242-b08\jre\bin\msvcr120.dll
0x00007ff8f2b00000 - 0x00007ff8f2ba6000 	C:\eGovFrame-3.9.0\bin\jdk8u242-b08\jre\bin\msvcp120.dll
0x0000000053c00000 - 0x0000000054401000 	C:\eGovFrame-3.9.0\bin\jdk8u242-b08\jre\bin\server\jvm.dll
0x00007ff91d5b0000 - 0x00007ff91d5b8000 	C:\WINDOWS\System32\PSAPI.DLL
0x00007ff9133d0000 - 0x00007ff9133f7000 	C:\WINDOWS\SYSTEM32\WINMM.dll
0x00007ff90b7e0000 - 0x00007ff90b7e9000 	C:\WINDOWS\SYSTEM32\WSOCK32.dll
0x00007ff9151d0000 - 0x00007ff9151da000 	C:\WINDOWS\SYSTEM32\VERSION.dll
0x00007ff91ed40000 - 0x00007ff91edab000 	C:\WINDOWS\System32\WS2_32.dll
0x00007ff914bb0000 - 0x00007ff914bbf000 	C:\eGovFrame-3.9.0\bin\jdk8u242-b08\jre\bin\verify.dll
0x00007ff9080a0000 - 0x00007ff9080c8000 	C:\eGovFrame-3.9.0\bin\jdk8u242-b08\jre\bin\java.dll
0x00007ff910f20000 - 0x00007ff910f36000 	C:\eGovFrame-3.9.0\bin\jdk8u242-b08\jre\bin\zip.dll
0x00007ff91e5f0000 - 0x00007ff91ed32000 	C:\WINDOWS\System32\SHELL32.dll
0x00007ff91ad40000 - 0x00007ff91b4d0000 	C:\WINDOWS\SYSTEM32\windows.storage.dll
0x00007ff91df80000 - 0x00007ff91e2d6000 	C:\WINDOWS\System32\combase.dll
0x00007ff91c4d0000 - 0x00007ff91c4fc000 	C:\WINDOWS\SYSTEM32\Wldp.dll
0x00007ff91d620000 - 0x00007ff91d6ce000 	C:\WINDOWS\System32\SHCORE.dll
0x00007ff91f430000 - 0x00007ff91f485000 	C:\WINDOWS\System32\shlwapi.dll
0x00007ff91cb40000 - 0x00007ff91cb66000 	C:\WINDOWS\SYSTEM32\profapi.dll
0x00007ff9185b0000 - 0x00007ff9185bd000 	C:\eGovFrame-3.9.0\bin\jdk8u242-b08\jre\bin\management.dll
0x00007ff90ed90000 - 0x00007ff90edaa000 	C:\eGovFrame-3.9.0\bin\jdk8u242-b08\jre\bin\net.dll
0x00007ff91c2c0000 - 0x00007ff91c32a000 	C:\WINDOWS\system32\mswsock.dll
0x00007ff909b40000 - 0x00007ff909b57000 	C:\WINDOWS\system32\napinsp.dll
0x00007ff909b20000 - 0x00007ff909b3b000 	C:\WINDOWS\system32\pnrpnsp.dll
0x00007ff909ad0000 - 0x00007ff909ae5000 	C:\WINDOWS\system32\wshbth.dll
0x00007ff918680000 - 0x00007ff91869d000 	C:\WINDOWS\system32\NLAapi.dll
0x00007ff91bfd0000 - 0x00007ff91c00b000 	C:\WINDOWS\SYSTEM32\IPHLPAPI.DLL
0x00007ff91c010000 - 0x00007ff91c0db000 	C:\WINDOWS\SYSTEM32\DNSAPI.dll
0x00007ff91d730000 - 0x00007ff91d738000 	C:\WINDOWS\System32\NSI.dll
0x00007ff90e340000 - 0x00007ff90e352000 	C:\WINDOWS\System32\winrnr.dll
0x00007ff915610000 - 0x00007ff91561a000 	C:\Windows\System32\rasadhlp.dll
0x00007ff9160c0000 - 0x00007ff91613f000 	C:\WINDOWS\System32\fwpuclnt.dll
0x00007ff91d140000 - 0x00007ff91d167000 	C:\WINDOWS\System32\bcrypt.dll
0x00007ff90ec30000 - 0x00007ff90ec42000 	C:\eGovFrame-3.9.0\bin\jdk8u242-b08\jre\bin\nio.dll
0x00007ff91c510000 - 0x00007ff91c528000 	C:\WINDOWS\SYSTEM32\CRYPTSP.dll
0x00007ff91bc80000 - 0x00007ff91bcb4000 	C:\WINDOWS\system32\rsaenh.dll
0x00007ff91cb00000 - 0x00007ff91cb2e000 	C:\WINDOWS\SYSTEM32\USERENV.dll
0x00007ff91d1c0000 - 0x00007ff91d240000 	C:\WINDOWS\System32\bcryptprimitives.dll
0x00007ff91c440000 - 0x00007ff91c44c000 	C:\WINDOWS\SYSTEM32\CRYPTBASE.dll
0x00007ff916e10000 - 0x00007ff916e27000 	C:\WINDOWS\SYSTEM32\dhcpcsvc6.DLL
0x00007ff916df0000 - 0x00007ff916e0d000 	C:\WINDOWS\SYSTEM32\dhcpcsvc.DLL
0x00007ff8f9090000 - 0x00007ff8f90b3000 	C:\eGovFrame-3.9.0\bin\jdk8u242-b08\jre\bin\sunec.dll
0x00007ff913100000 - 0x00007ff91310b000 	C:\eGovFrame-3.9.0\bin\jdk8u242-b08\jre\bin\sunmscapi.dll
0x00007ff91cc10000 - 0x00007ff91cd66000 	C:\WINDOWS\System32\CRYPT32.dll

VM Arguments:
jvm_args: -Dfile.encoding=UTF-8 
java_command: com.nice.demo.DemoApplication
java_class_path (initial): C:\eGovFrame-3.9.0\bin\jdk8u242-b08\jre\lib\resources.jar;C:\eGovFrame-3.9.0\bin\jdk8u242-b08\jre\lib\rt.jar;C:\eGovFrame-3.9.0\bin\jdk8u242-b08\jre\lib\jsse.jar;C:\eGovFrame-3.9.0\bin\jdk8u242-b08\jre\lib\jce.jar;C:\eGovFrame-3.9.0\bin\jdk8u242-b08\jre\lib\charsets.jar;C:\eGovFrame-3.9.0\bin\jdk8u242-b08\jre\lib\ext\access-bridge-64.jar;C:\eGovFrame-3.9.0\bin\jdk8u242-b08\jre\lib\ext\cldrdata.jar;C:\eGovFrame-3.9.0\bin\jdk8u242-b08\jre\lib\ext\dnsns.jar;C:\eGovFrame-3.9.0\bin\jdk8u242-b08\jre\lib\ext\jaccess.jar;C:\eGovFrame-3.9.0\bin\jdk8u242-b08\jre\lib\ext\localedata.jar;C:\eGovFrame-3.9.0\bin\jdk8u242-b08\jre\lib\ext\nashorn.jar;C:\eGovFrame-3.9.0\bin\jdk8u242-b08\jre\lib\ext\sunec.jar;C:\eGovFrame-3.9.0\bin\jdk8u242-b08\jre\lib\ext\sunjce_provider.jar;C:\eGovFrame-3.9.0\bin\jdk8u242-b08\jre\lib\ext\sunmscapi.jar;C:\eGovFrame-3.9.0\bin\jdk8u242-b08\jre\lib\ext\sunpkcs11.jar;C:\eGovFrame-3.9.0\bin\jdk8u242-b08\jre\lib\ext\zipfs.jar;D:\workspace\demo\target\classes;C:\eGovFrame-3.9.0\bin\eclipse\plugins\org.junit_4.12.0.v201504281640\junit.jar;C:\eGovFrame-3.9.0\bin\eclipse\plugins\org.hamcrest.core_1.3.0.v20180420-1519.jar;C:\Users\dhkim\.m2\repository\org\springframework\boot\spring-boot-starter-data-jpa\2.4.1\spring-boot-starter-data-jpa-2.4.1.jar;C:\Users\dhkim\.m2\repository\org\springframework\boot\spring-boot-starter-aop\2.4.1\spring-boot-starter-aop-2.4.1.jar;C:\Users\dhkim\.m2\repository\org\springframework\spring-aop\5.3.2\spring-aop-5.3.2.jar;C:\Users\dhkim\.m2\repository\org\aspectj\aspectjweaver\1.9.6\aspectjweaver-1.9.6.jar;C:\Users\dhkim\.m2\repository\org\springframework\boot\spring-boot-starter-jdbc\2.4.1\spring-boot-starter-jdbc-2.4.1.jar;C:\Users\dhkim\.m2\repository\com\zaxxer\HikariCP\3.4.5\HikariCP-3.4.5.jar;C:\Users\dhkim\.m2\repository\jakarta\transaction\jakarta.transaction-api\1.3.3\jakarta.transaction-api-1.3.3.jar;C:\Users\dhkim\.m2\repository\jakarta\persistence\jakarta.persistence-api\2.2.3\jakarta.persis
Launcher Type: SUN_STANDARD

Environment Variables:
JAVA_HOME=C:\Program Files\Java\jdk1.8.0_251
CLASSPATH=%classpath%
PATH=C:\app\dhkim\product\11.2.0\dbhome_1\bin;C:\oracle\app\dhkim\product\11.2.0\client_1;C:\app\dhkim\product\11.2.0\client_1;C:\Program Files (x86)\Common Files\Oracle\Java\javapath;C:\WINDOWS\system32;C:\WINDOWS;C:\WINDOWS\System32\Wbem;C:\WINDOWS\System32\WindowsPowerShell\v1.0\;C:\WINDOWS\System32\OpenSSH\;C:\Program Files\Docker\Docker\resources\bin;C:\ProgramData\DockerDesktop\version-bin;C:\Program Files\Java\jdk1.8.0_251\bin;C:\Program Files\PuTTY\;C:\Users\dhkim\Anaconda3;C:\Users\dhkim\Anaconda3\Library\mingw-w64\bin;C:\Users\dhkim\Anaconda3\Library\usr\bin;C:\Users\dhkim\Anaconda3\Library\bin;C:\Users\dhkim\Anaconda3\Scripts;C:\Users\dhkim\AppData\Local\Microsoft\WindowsApps;C:\Program Files (x86)\IDM Computer Solutions\UltraEdit\;
USERNAME=dhkim
OS=Windows_NT
PROCESSOR_IDENTIFIER=AMD64 Family 23 Model 17 Stepping 0, AuthenticAMD



---------------  S Y S T E M  ---------------

OS: Windows 10.0 , 64 bit Build 19041 (10.0.19041.804)

CPU:total 4 (initial active 4) (4 cores per cpu, 1 threads per core) family 23 model 17 stepping 0, cmov, cx8, fxsr, mmx, sse, sse2, sse3, ssse3, sse4.1, sse4.2, popcnt, avx, avx2, aes, clmul, mmxext, 3dnowpref, lzcnt, sse4a, tsc, tscinvbit, tscinv, bmi1

Memory: 4k page, physical 14627368k(626580k free), swap 58667560k(5492k free)

vm_info: OpenJDK 64-Bit Server VM (25.242-b08) for windows-amd64 JRE (1.8.0_242-b08), built on Jan 19 2020 14:45:52 by "jenkins" with MS VC++ 12.0 (VS2013)

time: Tue Mar 02 22:31:25 2021
timezone: ¢¥eCN©öI¡¾©ö C¡ÍA¨ª¨öA
elapsed time: 6 seconds (0d 0h 0m 6s)

